-------------------------------------------------------------------------------
Test set: com.app.PorfotlioWalterRossi.PorfotlioWalterRossiApplicationTests
-------------------------------------------------------------------------------
Tests run: 1, Failures: 0, Errors: 1, Skipped: 0, Time elapsed: 4.072 s <<< FAILURE! - in com.app.PorfotlioWalterRossi.PorfotlioWalterRossiApplicationTests
contextLoads  Time elapsed: 0.003 s  <<< ERROR!
java.lang.IllegalStateException: Failed to load ApplicationContext
Caused by: org.springframework.beans.factory.BeanCreationException: Error creating bean with name 'entityManagerFactory' defined in class path resource [org/springframework/boot/autoconfigure/orm/jpa/HibernateJpaConfiguration.class]: Invocation of init method failed; nested exception is org.hibernate.AnnotationException: Use of @OneToMany or @ManyToMany targeting an unmapped class: com.app.PorfotlioWalterRossi.models.Usuario.educacionList[com.app.PorfotlioWalterRossi.models.Usuario$Educacion]
Caused by: org.hibernate.AnnotationException: Use of @OneToMany or @ManyToMany targeting an unmapped class: com.app.PorfotlioWalterRossi.models.Usuario.educacionList[com.app.PorfotlioWalterRossi.models.Usuario$Educacion]

